2023-06-09 08:17:03 - Starting C:\Program Files\nodejs\node.exe  --harmony "D:\Work\My Work\Coding\IAN\node_modules\node-windows\lib\wrapper.js" --file "D:\Work\My Work\Coding\IAN\ian.js" --scriptoptions= --log "My Background Service wrapper" --grow 0.25 --wait 1 --maxrestarts 3 --abortonerror n --stopparentfirst undefined
2023-06-09 08:17:04 - Started 10864
2023-06-15 10:34:20 - Starting C:\Program Files\nodejs\node.exe  --harmony "D:\Work\My Work\Coding\IAN\node_modules\node-windows\lib\wrapper.js" --file "D:\Work\My Work\Coding\IAN\ian.js" --scriptoptions= --log "My Background Service wrapper" --grow 0.25 --wait 1 --maxrestarts 3 --abortonerror n --stopparentfirst undefined
2023-06-15 10:34:20 - Started 5788
2023-06-15 10:35:01 - Starting C:\Program Files\nodejs\node.exe  --harmony "D:\Work\My Work\Coding\IAN\node_modules\node-windows\lib\wrapper.js" --file "D:\Work\My Work\Coding\IAN\ian.js" --scriptoptions= --log "My Background Service wrapper" --grow 0.25 --wait 1 --maxrestarts 3 --abortonerror n --stopparentfirst undefined
2023-06-15 10:35:01 - Started 6236
2023-06-24 12:07:31 - Starting C:\Program Files\nodejs\node.exe  --harmony "D:\Work\My Work\Coding\IAN\node_modules\node-windows\lib\wrapper.js" --file "D:\Work\My Work\Coding\IAN\ian.js" --scriptoptions= --log "My Background Service wrapper" --grow 0.25 --wait 1 --maxrestarts 3 --abortonerror n --stopparentfirst undefined
2023-06-24 12:07:31 - Started 5292
2023-07-04 21:18:20 - Starting C:\Program Files\nodejs\node.exe  --harmony "D:\Work\My Work\Coding\IAN\node_modules\node-windows\lib\wrapper.js" --file "D:\Work\My Work\Coding\IAN\ian.js" --scriptoptions= --log "My Background Service wrapper" --grow 0.25 --wait 1 --maxrestarts 3 --abortonerror n --stopparentfirst undefined
2023-07-04 21:18:20 - Started 6264
2023-07-10 23:17:24 - Starting C:\Program Files\nodejs\node.exe  --harmony "D:\Work\My Work\Coding\IAN\node_modules\node-windows\lib\wrapper.js" --file "D:\Work\My Work\Coding\IAN\ian.js" --scriptoptions= --log "My Background Service wrapper" --grow 0.25 --wait 1 --maxrestarts 3 --abortonerror n --stopparentfirst undefined
2023-07-10 23:17:25 - Started 5760
2023-07-13 21:49:02 - Starting C:\Program Files\nodejs\node.exe  --harmony "D:\Work\My Work\Coding\IAN\node_modules\node-windows\lib\wrapper.js" --file "D:\Work\My Work\Coding\IAN\ian.js" --scriptoptions= --log "My Background Service wrapper" --grow 0.25 --wait 1 --maxrestarts 3 --abortonerror n --stopparentfirst undefined
2023-07-13 21:49:03 - Started 5668
2023-07-16 11:13:17 - Starting C:\Program Files\nodejs\node.exe  --harmony "D:\Work\My Work\Coding\IAN\node_modules\node-windows\lib\wrapper.js" --file "D:\Work\My Work\Coding\IAN\ian.js" --scriptoptions= --log "My Background Service wrapper" --grow 0.25 --wait 1 --maxrestarts 3 --abortonerror n --stopparentfirst undefined
2023-07-16 11:13:17 - Started 5548
2023-07-16 11:14:28 - Starting C:\Program Files\nodejs\node.exe  --harmony "D:\Work\My Work\Coding\IAN\node_modules\node-windows\lib\wrapper.js" --file "D:\Work\My Work\Coding\IAN\ian.js" --scriptoptions= --log "My Background Service wrapper" --grow 0.25 --wait 1 --maxrestarts 3 --abortonerror n --stopparentfirst undefined
2023-07-16 11:14:28 - Started 5652
2023-07-16 14:39:28 - Starting C:\Program Files\nodejs\node.exe  --harmony "D:\Work\My Work\Coding\IAN\node_modules\node-windows\lib\wrapper.js" --file "D:\Work\My Work\Coding\IAN\ian.js" --scriptoptions= --log "My Background Service wrapper" --grow 0.25 --wait 1 --maxrestarts 3 --abortonerror n --stopparentfirst undefined
2023-07-16 14:39:28 - Started 6192
2023-07-19 00:49:02 - Starting C:\Program Files\nodejs\node.exe  --harmony "D:\Work\My Work\Coding\IAN\node_modules\node-windows\lib\wrapper.js" --file "D:\Work\My Work\Coding\IAN\ian.js" --scriptoptions= --log "My Background Service wrapper" --grow 0.25 --wait 1 --maxrestarts 3 --abortonerror n --stopparentfirst undefined
2023-07-19 00:49:02 - Started 6212
2023-07-19 00:49:05 - Stopping mybackgroundservice.exe
2023-07-19 00:49:05 - ProcessKill 6212
2023-07-19 00:49:05 - Shutdown exception
Message:A system shutdown is in progress.

Stacktrace:   at System.Runtime.InteropServices.Marshal.ThrowExceptionForHRInternal(Int32 errorCode, IntPtr errorInfo)
   at System.Management.ManagementScope.InitializeGuts(Object o)
   at System.Management.ManagementScope.Initialize()
   at System.Management.ManagementObjectSearcher.Initialize()
   at System.Management.ManagementObjectSearcher.Get()
   at winsw.WrapperService.GetChildPids(Int32 pid)
   at winsw.WrapperService.StopProcessAndChildren(Int32 pid)
   at winsw.WrapperService.StopIt()
   at winsw.WrapperService.OnShutdown()
2023-07-19 09:47:47 - Starting C:\Program Files\nodejs\node.exe  --harmony "D:\Work\My Work\Coding\IAN\node_modules\node-windows\lib\wrapper.js" --file "D:\Work\My Work\Coding\IAN\ian.js" --scriptoptions= --log "My Background Service wrapper" --grow 0.25 --wait 1 --maxrestarts 3 --abortonerror n --stopparentfirst undefined
2023-07-19 09:47:47 - Started 6996
2023-07-19 12:13:00 - Starting C:\Program Files\nodejs\node.exe  --harmony "D:\Work\My Work\Coding\IAN\node_modules\node-windows\lib\wrapper.js" --file "D:\Work\My Work\Coding\IAN\ian.js" --scriptoptions= --log "My Background Service wrapper" --grow 0.25 --wait 1 --maxrestarts 3 --abortonerror n --stopparentfirst undefined
2023-07-19 12:13:00 - Started 6596
2023-07-20 15:22:54 - Starting C:\Program Files\nodejs\node.exe  --harmony "D:\Work\My Work\Coding\IAN\node_modules\node-windows\lib\wrapper.js" --file "D:\Work\My Work\Coding\IAN\ian.js" --scriptoptions= --log "My Background Service wrapper" --grow 0.25 --wait 1 --maxrestarts 3 --abortonerror n --stopparentfirst undefined
2023-07-20 15:22:54 - Started 6808
2023-07-20 23:02:17 - Starting C:\Program Files\nodejs\node.exe  --harmony "D:\Work\My Work\Coding\IAN\node_modules\node-windows\lib\wrapper.js" --file "D:\Work\My Work\Coding\IAN\ian.js" --scriptoptions= --log "My Background Service wrapper" --grow 0.25 --wait 1 --maxrestarts 3 --abortonerror n --stopparentfirst undefined
2023-07-20 23:02:17 - Started 6156
2023-08-21 19:30:23 - Starting C:\Program Files\nodejs\node.exe  --harmony "D:\Work\My Work\Coding\IAN\node_modules\node-windows\lib\wrapper.js" --file "D:\Work\My Work\Coding\IAN\ian.js" --scriptoptions= --log "My Background Service wrapper" --grow 0.25 --wait 1 --maxrestarts 3 --abortonerror n --stopparentfirst undefined
2023-08-21 19:30:23 - Started 6216
2023-08-22 21:02:05 - Starting C:\Program Files\nodejs\node.exe  --harmony "D:\Work\My Work\Coding\IAN\node_modules\node-windows\lib\wrapper.js" --file "D:\Work\My Work\Coding\IAN\ian.js" --scriptoptions= --log "My Background Service wrapper" --grow 0.25 --wait 1 --maxrestarts 3 --abortonerror n --stopparentfirst undefined
2023-08-22 21:02:05 - Started 7456
2023-09-27 20:42:57 - Starting C:\Program Files\nodejs\node.exe  --harmony "D:\Work\My Work\Coding\IAN\node_modules\node-windows\lib\wrapper.js" --file "D:\Work\My Work\Coding\IAN\ian.js" --scriptoptions= --log "My Background Service wrapper" --grow 0.25 --wait 1 --maxrestarts 3 --abortonerror n --stopparentfirst undefined
2023-09-27 20:42:57 - Started 5416
2023-09-28 22:29:45 - Starting C:\Program Files\nodejs\node.exe  --harmony "D:\Work\My Work\Coding\IAN\node_modules\node-windows\lib\wrapper.js" --file "D:\Work\My Work\Coding\IAN\ian.js" --scriptoptions= --log "My Background Service wrapper" --grow 0.25 --wait 1 --maxrestarts 3 --abortonerror n --stopparentfirst undefined
2023-09-28 22:29:45 - Started 1732
2023-10-05 20:56:04 - Starting C:\Program Files\nodejs\node.exe  --harmony "D:\Work\My Work\Coding\IAN\node_modules\node-windows\lib\wrapper.js" --file "D:\Work\My Work\Coding\IAN\ian.js" --scriptoptions= --log "My Background Service wrapper" --grow 0.25 --wait 1 --maxrestarts 3 --abortonerror n --stopparentfirst undefined
2023-10-05 20:56:04 - Started 2036
